Capstone/app/build/intermediates/manifest_merge_blame_file/debug/manifest-merger-blame-debug-report.txt
1<?xml version="1.0" encoding="utf-8"?>
2<manifest xmlns:android="http://schemas.android.com/apk/res/android"
3    package="com.example.Capstone"
4    android:versionCode="1"
5    android:versionName="1.0" >
6
7    <uses-sdk
8        android:minSdkVersion="21"
8-->src\main\AndroidManifest.xml
9        android:targetSdkVersion="31" />
9-->src\main\AndroidManifest.xml
10
11    <uses-permission android:name="android.permission.READ_EXTERNAL_STORAGE" />
11-->src\main\AndroidManifest.xml:7:5-80
11-->src\main\AndroidManifest.xml:7:22-77
12    <uses-permission android:name="android.permission.WRITE_EXTERNAL_STORAGE" />
12-->src\main\AndroidManifest.xml:8:5-81
12-->src\main\AndroidManifest.xml:8:22-78
13    <uses-permission android:name="android.permission.INTERNET" />
13-->src\main\AndroidManifest.xml:9:5-66
13-->src\main\AndroidManifest.xml:9:22-64
14    <uses-permission android:name="android.permission.RECORD_AUDIO" />
14-->src\main\AndroidManifest.xml:10:5-70
14-->src\main\AndroidManifest.xml:10:22-68
15    <uses-permission android:name="android.permission.GLOBAL_SEARCH" />
15-->src\main\AndroidManifest.xml:11:5-12:47
15-->src\main\AndroidManifest.xml:11:22-69
16
17    <queries>
17-->src\main\AndroidManifest.xml:14:5-18:15
18        <intent>
18-->src\main\AndroidManifest.xml:15:9-17:18
19            <action android:name="android.speech.RecognitionService" />
19-->src\main\AndroidManifest.xml:16:13-72
19-->src\main\AndroidManifest.xml:16:21-69
20        </intent>
21    </queries>
22
23    <application
23-->src\main\AndroidManifest.xml:21:5-40:19
24        android:allowBackup="true"
24-->src\main\AndroidManifest.xml:22:9-35
25        android:appComponentFactory="androidx.core.app.CoreComponentFactory"
25-->[androidx.core:core:1.7.0] AndroidManifest.xml:24:18-86
26        android:debuggable="true"
27        android:icon="@mipmap/ic_launcher"
27-->src\main\AndroidManifest.xml:23:9-43
28        android:label="@string/app_name"
28-->src\main\AndroidManifest.xml:24:9-41
29        android:requestLegacyExternalStorage="true"
29-->src\main\AndroidManifest.xml:28:9-52
30        android:roundIcon="@mipmap/ic_launcher_round"
30-->src\main\AndroidManifest.xml:25:9-54
31        android:supportsRtl="true"
31-->src\main\AndroidManifest.xml:26:9-35
32        android:testOnly="true"
33        android:theme="@style/Theme.Capstone" >
33-->src\main\AndroidManifest.xml:27:9-46
34        <activity
34-->src\main\AndroidManifest.xml:29:9-37:20
35            android:name="com.example.Capstone.MainviewActivity"
35-->src\main\AndroidManifest.xml:30:13-65
36            android:exported="true" >
36-->src\main\AndroidManifest.xml:31:13-36
37            <intent-filter>
37-->src\main\AndroidManifest.xml:32:13-36:29
38                <action android:name="android.intent.action.MAIN" />
38-->src\main\AndroidManifest.xml:33:17-69
38-->src\main\AndroidManifest.xml:33:25-66
39
40                <category android:name="android.intent.category.LAUNCHER" />
40-->src\main\AndroidManifest.xml:35:17-77
40-->src\main\AndroidManifest.xml:35:27-74
41            </intent-filter>
42        </activity>
43        <activity android:name="com.example.Capstone.TextListActivity" />
43-->src\main\AndroidManifest.xml:38:9-53
43-->src\main\AndroidManifest.xml:38:19-51
44        <activity android:name="com.example.Capstone.TextReadActivity" />
44-->src\main\AndroidManifest.xml:39:9-53
44-->src\main\AndroidManifest.xml:39:19-51
45
46        <uses-library
46-->[com.willowtreeapps.spruce:spruce-android:1.1.0] AndroidManifest.xml:27:9-29:40
47            android:name="android.test.runner"
47-->[com.willowtreeapps.spruce:spruce-android:1.1.0] AndroidManifest.xml:28:13-47
48            android:required="false" />
48-->[com.willowtreeapps.spruce:spruce-android:1.1.0] AndroidManifest.xml:29:13-37
49
50        <activity android:name="com.willowtreeapps.spruce.AnimationActivity" />
50-->[com.willowtreeapps.spruce:spruce-android:1.1.0] AndroidManifest.xml:31:9-80
50-->[com.willowtreeapps.spruce:spruce-android:1.1.0] AndroidManifest.xml:31:19-77
51
52        <provider
52-->[androidx.emoji2:emoji2:1.0.0] AndroidManifest.xml:26:9-34:20
53            android:name="androidx.startup.InitializationProvider"
53-->[androidx.emoji2:emoji2:1.0.0] AndroidManifest.xml:27:13-67
54            android:authorities="com.example.Capstone.androidx-startup"
54-->[androidx.emoji2:emoji2:1.0.0] AndroidManifest.xml:28:13-68
55            android:exported="false" >
55-->[androidx.emoji2:emoji2:1.0.0] AndroidManifest.xml:29:13-37
56            <meta-data
56-->[androidx.emoji2:emoji2:1.0.0] AndroidManifest.xml:31:13-33:52
57                android:name="androidx.emoji2.text.EmojiCompatInitializer"
57-->[androidx.emoji2:emoji2:1.0.0] AndroidManifest.xml:32:17-75
58                android:value="androidx.startup" />
58-->[androidx.emoji2:emoji2:1.0.0] AndroidManifest.xml:33:17-49
59            <meta-data
59-->[androidx.lifecycle:lifecycle-process:2.4.0] AndroidManifest.xml:31:13-33:52
60                android:name="androidx.lifecycle.ProcessLifecycleInitializer"
60-->[androidx.lifecycle:lifecycle-process:2.4.0] AndroidManifest.xml:32:17-78
61                android:value="androidx.startup" />
61-->[androidx.lifecycle:lifecycle-process:2.4.0] AndroidManifest.xml:33:17-49
62        </provider>
63    </application>
64
65</manifest>